This is XeTeX, Version 3.141592653-2.6-0.999993 (TeX Live 2021/W32TeX) (preloaded format=xelatex 2021.11.25)  30 NOV 2021 22:05
entering extended mode
 restricted \write18 enabled.
 %&-line parsing enabled.
**why_Stan.tex
(./why_Stan.tex
LaTeX2e <2021-11-15>
L3 programming layer <2021-11-22> (d:/Tinytex/texmf-dist/tex/latex/beamer/beame
r.cls
Document Class: beamer 2021/10/18 v3.64 A class for typesetting presentations
(d:/Tinytex/texmf-dist/tex/latex/beamer/beamerbasemodes.sty (d:/Tinytex/texmf-d
ist/tex/latex/etoolbox/etoolbox.sty
Package: etoolbox 2020/10/05 v2.5k e-TeX tools for LaTeX (JAW)
\etb@tempcnta=\count179
)
\beamer@tempbox=\box50
\beamer@tempcount=\count180
\c@beamerpauses=\count181
(d:/Tinytex/texmf-dist/tex/latex/beamer/beamerbasedecode.sty
\beamer@slideinframe=\count182
\beamer@minimum=\count183
\beamer@decode@box=\box51
)
\beamer@commentbox=\box52
\beamer@modecount=\count184
) (d:/Tinytex/texmf-dist/tex/generic/iftex/ifpdf.sty
Package: ifpdf 2019/10/25 v3.4 ifpdf legacy package. Use iftex instead.
(d:/Tinytex/texmf-dist/tex/generic/iftex/iftex.sty
Package: iftex 2020/03/06 v1.0d TeX engine tests
))
\headdp=\dimen138
\footheight=\dimen139
\sidebarheight=\dimen140
\beamer@tempdim=\dimen141
\beamer@finalheight=\dimen142
\beamer@animht=\dimen143
\beamer@animdp=\dimen144
\beamer@animwd=\dimen145
\beamer@leftmargin=\dimen146
\beamer@rightmargin=\dimen147
\beamer@leftsidebar=\dimen148
\beamer@rightsidebar=\dimen149
\beamer@boxsize=\dimen150
\beamer@vboxoffset=\dimen151
\beamer@descdefault=\dimen152
\beamer@descriptionwidth=\dimen153
\beamer@lastskip=\skip47
\beamer@areabox=\box53
\beamer@animcurrent=\box54
\beamer@animshowbox=\box55
\beamer@sectionbox=\box56
\beamer@logobox=\box57
\beamer@linebox=\box58
\beamer@sectioncount=\count185
\beamer@subsubsectionmax=\count186
\beamer@subsectionmax=\count187
\beamer@sectionmax=\count188
\beamer@totalheads=\count189
\beamer@headcounter=\count190
\beamer@partstartpage=\count191
\beamer@sectionstartpage=\count192
\beamer@subsectionstartpage=\count193
\beamer@animationtempa=\count194
\beamer@animationtempb=\count195
\beamer@xpos=\count196
\beamer@ypos=\count197
\beamer@ypos@offset=\count198
\beamer@showpartnumber=\count199
\beamer@currentsubsection=\count266
\beamer@coveringdepth=\count267
\beamer@sectionadjust=\count268
\beamer@toclastsection=\count269
\beamer@tocsectionnumber=\count270
(d:/Tinytex/texmf-dist/tex/latex/beamer/beamerbaseoptions.sty (d:/Tinytex/texmf
-dist/tex/latex/graphics/keyval.sty
Package: keyval 2014/10/28 v1.15 key=value parser (DPC)
\KV@toks@=\toks16
))
\beamer@paperwidth=\skip48
\beamer@paperheight=\skip49
(d:/Tinytex/texmf-dist/tex/latex/geometry/geometry.sty
Package: geometry 2020/01/02 v5.9 Page Geometry
(d:/Tinytex/texmf-dist/tex/generic/iftex/ifvtex.sty
Package: ifvtex 2019/10/25 v1.7 ifvtex legacy package. Use iftex instead.
)
\Gm@cnth=\count271
\Gm@cntv=\count272
\c@Gm@tempcnt=\count273
\Gm@bindingoffset=\dimen154
\Gm@wd@mp=\dimen155
\Gm@odd@mp=\dimen156
\Gm@even@mp=\dimen157
\Gm@layoutwidth=\dimen158
\Gm@layoutheight=\dimen159
\Gm@layouthoffset=\dimen160
\Gm@layoutvoffset=\dimen161
\Gm@dimlist=\toks17
) (d:/Tinytex/texmf-dist/tex/latex/base/size11.clo
File: size11.clo 2021/10/04 v1.4n Standard LaTeX file (size option)
) (d:/Tinytex/texmf-dist/tex/latex/pgf/basiclayer/pgfcore.sty (d:/Tinytex/texmf
-dist/tex/latex/graphics/graphicx.sty
Package: graphicx 2021/09/16 v1.2d Enhanced LaTeX Graphics (DPC,SPQR)
(d:/Tinytex/texmf-dist/tex/latex/graphics/graphics.sty
Package: graphics 2021/03/04 v1.4d Standard LaTeX Graphics (DPC,SPQR)
(d:/Tinytex/texmf-dist/tex/latex/graphics/trig.sty
Package: trig 2021/08/11 v1.11 sin cos tan (DPC)
) (d:/Tinytex/texmf-dist/tex/latex/graphics-cfg/graphics.cfg
File: graphics.cfg 2016/06/04 v1.11 sample graphics configuration
)
Package graphics Info: Driver file: xetex.def on input line 107.
(d:/Tinytex/texmf-dist/tex/latex/graphics-def/xetex.def
File: xetex.def 2021/03/18 v5.0k Graphics/color driver for xetex
))
\Gin@req@height=\dimen162
\Gin@req@width=\dimen163
) (d:/Tinytex/texmf-dist/tex/latex/pgf/systemlayer/pgfsys.sty (d:/Tinytex/texmf
-dist/tex/latex/pgf/utilities/pgfrcs.sty (d:/Tinytex/texmf-dist/tex/generic/pgf
/utilities/pgfutil-common.tex
\pgfutil@everybye=\toks18
\pgfutil@tempdima=\dimen164
\pgfutil@tempdimb=\dimen165
(d:/Tinytex/texmf-dist/tex/generic/pgf/utilities/pgfutil-common-lists.tex)) (d:
/Tinytex/texmf-dist/tex/generic/pgf/utilities/pgfutil-latex.def
\pgfutil@abb=\box59
) (d:/Tinytex/texmf-dist/tex/generic/pgf/utilities/pgfrcs.code.tex (d:/Tinytex/
texmf-dist/tex/generic/pgf/pgf.revision.tex)
Package: pgfrcs 2021/05/15 v3.1.9a (3.1.9a)
)) (d:/Tinytex/texmf-dist/tex/generic/pgf/systemlayer/pgfsys.code.tex
Package: pgfsys 2021/05/15 v3.1.9a (3.1.9a)
(d:/Tinytex/texmf-dist/tex/generic/pgf/utilities/pgfkeys.code.tex
\pgfkeys@pathtoks=\toks19
\pgfkeys@temptoks=\toks20
(d:/Tinytex/texmf-dist/tex/generic/pgf/utilities/pgfkeysfiltered.code.tex
\pgfkeys@tmptoks=\toks21
))
\pgf@x=\dimen166
\pgf@y=\dimen167
\pgf@xa=\dimen168
\pgf@ya=\dimen169
\pgf@xb=\dimen170
\pgf@yb=\dimen171
\pgf@xc=\dimen172
\pgf@yc=\dimen173
\pgf@xd=\dimen174
\pgf@yd=\dimen175
\w@pgf@writea=\write3
\r@pgf@reada=\read2
\c@pgf@counta=\count274
\c@pgf@countb=\count275
\c@pgf@countc=\count276
\c@pgf@countd=\count277
\t@pgf@toka=\toks22
\t@pgf@tokb=\toks23
\t@pgf@tokc=\toks24
\pgf@sys@id@count=\count278
(d:/Tinytex/texmf-dist/tex/generic/pgf/systemlayer/pgf.cfg
File: pgf.cfg 2021/05/15 v3.1.9a (3.1.9a)
)
Driver file for pgf: pgfsys-xetex.def
(d:/Tinytex/texmf-dist/tex/generic/pgf/systemlayer/pgfsys-xetex.def
File: pgfsys-xetex.def 2021/05/15 v3.1.9a (3.1.9a)
(d:/Tinytex/texmf-dist/tex/generic/pgf/systemlayer/pgfsys-dvipdfmx.def
File: pgfsys-dvipdfmx.def 2021/05/15 v3.1.9a (3.1.9a)
(d:/Tinytex/texmf-dist/tex/generic/pgf/systemlayer/pgfsys-common-pdf.def
File: pgfsys-common-pdf.def 2021/05/15 v3.1.9a (3.1.9a)
)
\pgfsys@objnum=\count279
))) (d:/Tinytex/texmf-dist/tex/generic/pgf/systemlayer/pgfsyssoftpath.code.tex
File: pgfsyssoftpath.code.tex 2021/05/15 v3.1.9a (3.1.9a)
\pgfsyssoftpath@smallbuffer@items=\count280
\pgfsyssoftpath@bigbuffer@items=\count281
) (d:/Tinytex/texmf-dist/tex/generic/pgf/systemlayer/pgfsysprotocol.code.tex
File: pgfsysprotocol.code.tex 2021/05/15 v3.1.9a (3.1.9a)
)) (d:/Tinytex/texmf-dist/tex/latex/xcolor/xcolor.sty
Package: xcolor 2021/10/31 v2.13 LaTeX color extensions (UK)
(d:/Tinytex/texmf-dist/tex/latex/graphics-cfg/color.cfg
File: color.cfg 2016/01/02 v1.6 sample color configuration
)
Package xcolor Info: Driver file: xetex.def on input line 227.
Package xcolor Info: Model `cmy' substituted by `cmy0' on input line 1352.
Package xcolor Info: Model `RGB' extended on input line 1368.
Package xcolor Info: Model `HTML' substituted by `rgb' on input line 1370.
Package xcolor Info: Model `Hsb' substituted by `hsb' on input line 1371.
Package xcolor Info: Model `tHsb' substituted by `hsb' on input line 1372.
Package xcolor Info: Model `HSB' substituted by `hsb' on input line 1373.
Package xcolor Info: Model `Gray' substituted by `gray' on input line 1374.
Package xcolor Info: Model `wave' substituted by `hsb' on input line 1375.
(d:/Tinytex/texmf-dist/tex/latex/graphics/dvipsnam.def
File: dvipsnam.def 2016/06/17 v3.0m Driver-dependent file (DPC,SPQR)
)) (d:/Tinytex/texmf-dist/tex/generic/pgf/basiclayer/pgfcore.code.tex
Package: pgfcore 2021/05/15 v3.1.9a (3.1.9a)
(d:/Tinytex/texmf-dist/tex/generic/pgf/math/pgfmath.code.tex (d:/Tinytex/texmf-
dist/tex/generic/pgf/math/pgfmathcalc.code.tex (d:/Tinytex/texmf-dist/tex/gener
ic/pgf/math/pgfmathutil.code.tex) (d:/Tinytex/texmf-dist/tex/generic/pgf/math/p
gfmathparser.code.tex
\pgfmath@dimen=\dimen176
\pgfmath@count=\count282
\pgfmath@box=\box60
\pgfmath@toks=\toks25
\pgfmath@stack@operand=\toks26
\pgfmath@stack@operation=\toks27
) (d:/Tinytex/texmf-dist/tex/generic/pgf/math/pgfmathfunctions.code.tex (d:/Tin
ytex/texmf-dist/tex/generic/pgf/math/pgfmathfunctions.basic.code.tex)
(d:/Tinytex/texmf-dist/tex/generic/pgf/math/pgfmathfunctions.trigonometric.code
.tex) (d:/Tinytex/texmf-dist/tex/generic/pgf/math/pgfmathfunctions.random.code.
tex)
(d:/Tinytex/texmf-dist/tex/generic/pgf/math/pgfmathfunctions.comparison.code.te
x) (d:/Tinytex/texmf-dist/tex/generic/pgf/math/pgfmathfunctions.base.code.tex) 
(d:/Tinytex/texmf-dist/tex/generic/pgf/math/pgfmathfunctions.round.code.tex) (d
:/Tinytex/texmf-dist/tex/generic/pgf/math/pgfmathfunctions.misc.code.tex)
(d:/Tinytex/texmf-dist/tex/generic/pgf/math/pgfmathfunctions.integerarithmetics
.code.tex))) (d:/Tinytex/texmf-dist/tex/generic/pgf/math/pgfmathfloat.code.tex
\c@pgfmathroundto@lastzeros=\count283
)) (d:/Tinytex/texmf-dist/tex/generic/pgf/math/pgfint.code.tex) (d:/Tinytex/tex
mf-dist/tex/generic/pgf/basiclayer/pgfcorepoints.code.tex
File: pgfcorepoints.code.tex 2021/05/15 v3.1.9a (3.1.9a)
\pgf@picminx=\dimen177
\pgf@picmaxx=\dimen178
\pgf@picminy=\dimen179
\pgf@picmaxy=\dimen180
\pgf@pathminx=\dimen181
\pgf@pathmaxx=\dimen182
\pgf@pathminy=\dimen183
\pgf@pathmaxy=\dimen184
\pgf@xx=\dimen185
\pgf@xy=\dimen186
\pgf@yx=\dimen187
\pgf@yy=\dimen188
\pgf@zx=\dimen189
\pgf@zy=\dimen190
)
(d:/Tinytex/texmf-dist/tex/generic/pgf/basiclayer/pgfcorepathconstruct.code.tex
File: pgfcorepathconstruct.code.tex 2021/05/15 v3.1.9a (3.1.9a)
\pgf@path@lastx=\dimen191
\pgf@path@lasty=\dimen192
) (d:/Tinytex/texmf-dist/tex/generic/pgf/basiclayer/pgfcorepathusage.code.tex
File: pgfcorepathusage.code.tex 2021/05/15 v3.1.9a (3.1.9a)
\pgf@shorten@end@additional=\dimen193
\pgf@shorten@start@additional=\dimen194
) (d:/Tinytex/texmf-dist/tex/generic/pgf/basiclayer/pgfcorescopes.code.tex
File: pgfcorescopes.code.tex 2021/05/15 v3.1.9a (3.1.9a)
\pgfpic=\box61
\pgf@hbox=\box62
\pgf@layerbox@main=\box63
\pgf@picture@serial@count=\count284
) (d:/Tinytex/texmf-dist/tex/generic/pgf/basiclayer/pgfcoregraphicstate.code.te
x
File: pgfcoregraphicstate.code.tex 2021/05/15 v3.1.9a (3.1.9a)
\pgflinewidth=\dimen195
)
(d:/Tinytex/texmf-dist/tex/generic/pgf/basiclayer/pgfcoretransformations.code.t
ex
File: pgfcoretransformations.code.tex 2021/05/15 v3.1.9a (3.1.9a)
\pgf@pt@x=\dimen196
\pgf@pt@y=\dimen197
\pgf@pt@temp=\dimen198
) (d:/Tinytex/texmf-dist/tex/generic/pgf/basiclayer/pgfcorequick.code.tex
File: pgfcorequick.code.tex 2021/05/15 v3.1.9a (3.1.9a)
) (d:/Tinytex/texmf-dist/tex/generic/pgf/basiclayer/pgfcoreobjects.code.tex
File: pgfcoreobjects.code.tex 2021/05/15 v3.1.9a (3.1.9a)
)
(d:/Tinytex/texmf-dist/tex/generic/pgf/basiclayer/pgfcorepathprocessing.code.te
x
File: pgfcorepathprocessing.code.tex 2021/05/15 v3.1.9a (3.1.9a)
) (d:/Tinytex/texmf-dist/tex/generic/pgf/basiclayer/pgfcorearrows.code.tex
File: pgfcorearrows.code.tex 2021/05/15 v3.1.9a (3.1.9a)
\pgfarrowsep=\dimen199
) (d:/Tinytex/texmf-dist/tex/generic/pgf/basiclayer/pgfcoreshade.code.tex
File: pgfcoreshade.code.tex 2021/05/15 v3.1.9a (3.1.9a)
\pgf@max=\dimen256
\pgf@sys@shading@range@num=\count285
\pgf@shadingcount=\count286
) (d:/Tinytex/texmf-dist/tex/generic/pgf/basiclayer/pgfcoreimage.code.tex
File: pgfcoreimage.code.tex 2021/05/15 v3.1.9a (3.1.9a)
(d:/Tinytex/texmf-dist/tex/generic/pgf/basiclayer/pgfcoreexternal.code.tex
File: pgfcoreexternal.code.tex 2021/05/15 v3.1.9a (3.1.9a)
\pgfexternal@startupbox=\box64
)) (d:/Tinytex/texmf-dist/tex/generic/pgf/basiclayer/pgfcorelayers.code.tex
File: pgfcorelayers.code.tex 2021/05/15 v3.1.9a (3.1.9a)
) (d:/Tinytex/texmf-dist/tex/generic/pgf/basiclayer/pgfcoretransparency.code.te
x
File: pgfcoretransparency.code.tex 2021/05/15 v3.1.9a (3.1.9a)
) (d:/Tinytex/texmf-dist/tex/generic/pgf/basiclayer/pgfcorepatterns.code.tex
File: pgfcorepatterns.code.tex 2021/05/15 v3.1.9a (3.1.9a)
) (d:/Tinytex/texmf-dist/tex/generic/pgf/basiclayer/pgfcorerdf.code.tex
File: pgfcorerdf.code.tex 2021/05/15 v3.1.9a (3.1.9a)
))) (d:/Tinytex/texmf-dist/tex/latex/pgf/utilities/xxcolor.sty
Package: xxcolor 2003/10/24 ver 0.1
\XC@nummixins=\count287
\XC@countmixins=\count288
) (d:/Tinytex/texmf-dist/tex/latex/base/atbegshi-ltx.sty
Package: atbegshi-ltx 2021/01/10 v1.0c Emulation of the original atbegshi
package with kernel methods
) (d:/Tinytex/texmf-dist/tex/latex/hyperref/hyperref.sty
Package: hyperref 2021-06-07 v7.00m Hypertext links for LaTeX
(d:/Tinytex/texmf-dist/tex/generic/ltxcmds/ltxcmds.sty
Package: ltxcmds 2020-05-10 v1.25 LaTeX kernel commands for general use (HO)
) (d:/Tinytex/texmf-dist/tex/generic/pdftexcmds/pdftexcmds.sty
Package: pdftexcmds 2020-06-27 v0.33 Utility functions of pdfTeX for LuaTeX (HO
)
(d:/Tinytex/texmf-dist/tex/generic/infwarerr/infwarerr.sty
Package: infwarerr 2019/12/03 v1.5 Providing info/warning/error messages (HO)
)
Package pdftexcmds Info: \pdf@primitive is available.
Package pdftexcmds Info: \pdf@ifprimitive is available.
Package pdftexcmds Info: \pdfdraftmode not found.
) (d:/Tinytex/texmf-dist/tex/generic/kvsetkeys/kvsetkeys.sty
Package: kvsetkeys 2019/12/15 v1.18 Key value parser (HO)
) (d:/Tinytex/texmf-dist/tex/generic/kvdefinekeys/kvdefinekeys.sty
Package: kvdefinekeys 2019-12-19 v1.6 Define keys (HO)
) (d:/Tinytex/texmf-dist/tex/generic/pdfescape/pdfescape.sty
Package: pdfescape 2019/12/09 v1.15 Implements pdfTeX's escape features (HO)
) (d:/Tinytex/texmf-dist/tex/latex/hycolor/hycolor.sty
Package: hycolor 2020-01-27 v1.10 Color options for hyperref/bookmark (HO)
) (d:/Tinytex/texmf-dist/tex/latex/letltxmacro/letltxmacro.sty
Package: letltxmacro 2019/12/03 v1.6 Let assignment for LaTeX macros (HO)
) (d:/Tinytex/texmf-dist/tex/latex/auxhook/auxhook.sty
Package: auxhook 2019-12-17 v1.6 Hooks for auxiliary files (HO)
) (d:/Tinytex/texmf-dist/tex/latex/kvoptions/kvoptions.sty
Package: kvoptions 2020-10-07 v3.14 Key value format for package options (HO)
)
\@linkdim=\dimen257
\Hy@linkcounter=\count289
\Hy@pagecounter=\count290
(d:/Tinytex/texmf-dist/tex/latex/hyperref/pd1enc.def
File: pd1enc.def 2021-06-07 v7.00m Hyperref: PDFDocEncoding definition (HO)
) (d:/Tinytex/texmf-dist/tex/latex/hyperref/hyperref-langpatches.def
File: hyperref-langpatches.def 2021-06-07 v7.00m Hyperref: patches for babel la
nguages
) (d:/Tinytex/texmf-dist/tex/generic/intcalc/intcalc.sty
Package: intcalc 2019/12/15 v1.3 Expandable calculations with integers (HO)
) (d:/Tinytex/texmf-dist/tex/generic/etexcmds/etexcmds.sty
Package: etexcmds 2019/12/15 v1.7 Avoid name clashes with e-TeX commands (HO)
)
\Hy@SavedSpaceFactor=\count291
(d:/Tinytex/texmf-dist/tex/latex/hyperref/puenc.def
File: puenc.def 2021-06-07 v7.00m Hyperref: PDF Unicode definition (HO)
)
Package hyperref Info: Option `unicode' set `true' on input line 4073.
Package hyperref Info: Option `bookmarks' set `true' on input line 4073.
Package hyperref Info: Option `bookmarksopen' set `true' on input line 4073.
Package hyperref Info: Option `implicit' set `false' on input line 4073.
Package hyperref Info: Hyper figures OFF on input line 4192.
Package hyperref Info: Link nesting OFF on input line 4197.
Package hyperref Info: Hyper index ON on input line 4200.
Package hyperref Info: Plain pages OFF on input line 4207.
Package hyperref Info: Backreferencing OFF on input line 4212.
Package hyperref Info: Implicit mode OFF; no redefinition of LaTeX internals.
Package hyperref Info: Bookmarks ON on input line 4445.
\c@Hy@tempcnt=\count292
(d:/Tinytex/texmf-dist/tex/latex/url/url.sty
\Urlmuskip=\muskip16
Package: url 2013/09/16  ver 3.4  Verb mode for urls, etc.
)
LaTeX Info: Redefining \url on input line 4804.
\XeTeXLinkMargin=\dimen258
(d:/Tinytex/texmf-dist/tex/generic/bitset/bitset.sty
Package: bitset 2019/12/09 v1.3 Handle bit-vector datatype (HO)
(d:/Tinytex/texmf-dist/tex/generic/bigintcalc/bigintcalc.sty
Package: bigintcalc 2019/12/15 v1.5 Expandable calculations on big integers (HO
)
))
\Fld@menulength=\count293
\Field@Width=\dimen259
\Fld@charsize=\dimen260
Package hyperref Info: Hyper figures OFF on input line 6076.
Package hyperref Info: Link nesting OFF on input line 6081.
Package hyperref Info: Hyper index ON on input line 6084.
Package hyperref Info: backreferencing OFF on input line 6091.
Package hyperref Info: Link coloring OFF on input line 6096.
Package hyperref Info: Link coloring with OCG OFF on input line 6101.
Package hyperref Info: PDF/A mode OFF on input line 6106.
LaTeX Info: Redefining \ref on input line 6146.
LaTeX Info: Redefining \pageref on input line 6150.
\Hy@abspage=\count294

Package hyperref Message: Stopped early.

)
Package hyperref Info: Driver (autodetected): hxetex.
(d:/Tinytex/texmf-dist/tex/latex/hyperref/hxetex.def
File: hxetex.def 2021-06-07 v7.00m Hyperref driver for XeTeX
(d:/Tinytex/texmf-dist/tex/generic/stringenc/stringenc.sty
Package: stringenc 2019/11/29 v1.12 Convert strings between diff. encodings (HO
)
)
\pdfm@box=\box65
\c@Hy@AnnotLevel=\count295
\HyField@AnnotCount=\count296
\Fld@listcount=\count297
\c@bookmark@seq@number=\count298
(d:/Tinytex/texmf-dist/tex/latex/rerunfilecheck/rerunfilecheck.sty
Package: rerunfilecheck 2019/12/05 v1.9 Rerun checks for auxiliary files (HO)
(d:/Tinytex/texmf-dist/tex/latex/base/atveryend-ltx.sty
Package: atveryend-ltx 2020/08/19 v1.0a Emulation of the original atveryend pac
kage
with kernel methods
) (d:/Tinytex/texmf-dist/tex/generic/uniquecounter/uniquecounter.sty
Package: uniquecounter 2019/12/15 v1.4 Provide unlimited unique counter (HO)
)
Package uniquecounter Info: New unique counter `rerunfilecheck' on input line 2
86.
)) (d:/Tinytex/texmf-dist/tex/latex/beamer/beamerbaserequires.sty (d:/Tinytex/t
exmf-dist/tex/latex/beamer/beamerbasecompatibility.sty) (d:/Tinytex/texmf-dist/
tex/latex/beamer/beamerbasefont.sty (d:/Tinytex/texmf-dist/tex/latex/amsfonts/a
mssymb.sty
Package: amssymb 2013/01/14 v3.01 AMS font symbols
(d:/Tinytex/texmf-dist/tex/latex/amsfonts/amsfonts.sty
Package: amsfonts 2013/01/14 v3.01 Basic AMSFonts support
\@emptytoks=\toks28
\symAMSa=\mathgroup4
\symAMSb=\mathgroup5
LaTeX Font Info:    Redeclaring math symbol \hbar on input line 98.
LaTeX Font Info:    Overwriting math alphabet `\mathfrak' in version `bold'
(Font)                  U/euf/m/n --> U/euf/b/n on input line 106.
))) (d:/Tinytex/texmf-dist/tex/latex/beamer/beamerbasetranslator.sty (d:/Tinyte
x/texmf-dist/tex/latex/translator/translator.sty
Package: translator 2021-05-31 v1.12d Easy translation of strings in LaTeX
)) (d:/Tinytex/texmf-dist/tex/latex/beamer/beamerbasemisc.sty) (d:/Tinytex/texm
f-dist/tex/latex/beamer/beamerbasetwoscreens.sty) (d:/Tinytex/texmf-dist/tex/la
tex/beamer/beamerbaseoverlay.sty
\beamer@argscount=\count299
\beamer@lastskipcover=\skip50
\beamer@trivlistdepth=\count300
) (d:/Tinytex/texmf-dist/tex/latex/beamer/beamerbasetitle.sty) (d:/Tinytex/texm
f-dist/tex/latex/beamer/beamerbasesection.sty
\c@lecture=\count301
\c@part=\count302
\c@section=\count303
\c@subsection=\count304
\c@subsubsection=\count305
) (d:/Tinytex/texmf-dist/tex/latex/beamer/beamerbaseframe.sty
\beamer@framebox=\box66
\beamer@frametitlebox=\box67
\beamer@zoombox=\box68
\beamer@zoomcount=\count306
\beamer@zoomframecount=\count307
\beamer@frametextheight=\dimen261
\c@subsectionslide=\count308
\beamer@frametopskip=\skip51
\beamer@framebottomskip=\skip52
\beamer@frametopskipautobreak=\skip53
\beamer@framebottomskipautobreak=\skip54
\beamer@envbody=\toks29
\framewidth=\dimen262
\c@framenumber=\count309
) (d:/Tinytex/texmf-dist/tex/latex/beamer/beamerbaseverbatim.sty
\beamer@verbatimfileout=\write4
) (d:/Tinytex/texmf-dist/tex/latex/beamer/beamerbaseframesize.sty
\beamer@splitbox=\box69
\beamer@autobreakcount=\count310
\beamer@autobreaklastheight=\dimen263
\beamer@frametitletoks=\toks30
\beamer@framesubtitletoks=\toks31
) (d:/Tinytex/texmf-dist/tex/latex/beamer/beamerbaseframecomponents.sty
\beamer@footins=\box70
) (d:/Tinytex/texmf-dist/tex/latex/beamer/beamerbasecolor.sty) (d:/Tinytex/texm
f-dist/tex/latex/beamer/beamerbasenotes.sty
\beamer@frameboxcopy=\box71
) (d:/Tinytex/texmf-dist/tex/latex/beamer/beamerbasetoc.sty) (d:/Tinytex/texmf-
dist/tex/latex/beamer/beamerbasetemplates.sty
\beamer@sbttoks=\toks32
(d:/Tinytex/texmf-dist/tex/latex/beamer/beamerbaseauxtemplates.sty (d:/Tinytex/
texmf-dist/tex/latex/beamer/beamerbaseboxes.sty
\bmb@box=\box72
\bmb@colorbox=\box73
\bmb@boxwidth=\dimen264
\bmb@boxheight=\dimen265
\bmb@prevheight=\dimen266
\bmb@temp=\dimen267
\bmb@dima=\dimen268
\bmb@dimb=\dimen269
\bmb@prevheight=\dimen270
)
\beamer@blockheadheight=\dimen271
)) (d:/Tinytex/texmf-dist/tex/latex/beamer/beamerbaselocalstructure.sty (d:/Tin
ytex/texmf-dist/tex/latex/tools/enumerate.sty
Package: enumerate 2015/07/23 v3.00 enumerate extensions (DPC)
\@enLab=\toks33
)
\beamer@bibiconwidth=\skip55
\c@figure=\count311
\c@table=\count312
\abovecaptionskip=\skip56
\belowcaptionskip=\skip57
) (d:/Tinytex/texmf-dist/tex/latex/beamer/beamerbasenavigation.sty
\beamer@section@min@dim=\dimen272
) (d:/Tinytex/texmf-dist/tex/latex/beamer/beamerbasetheorems.sty (d:/Tinytex/te
xmf-dist/tex/latex/amsmath/amsmath.sty
Package: amsmath 2021/10/15 v2.17l AMS math features
\@mathmargin=\skip58
For additional information on amsmath, use the `?' option.
(d:/Tinytex/texmf-dist/tex/latex/amsmath/amstext.sty
Package: amstext 2021/08/26 v2.01 AMS text
(d:/Tinytex/texmf-dist/tex/latex/amsmath/amsgen.sty
File: amsgen.sty 1999/11/30 v2.0 generic functions
\@emptytoks=\toks34
\ex@=\dimen273
)) (d:/Tinytex/texmf-dist/tex/latex/amsmath/amsbsy.sty
Package: amsbsy 1999/11/29 v1.2d Bold Symbols
\pmbraise@=\dimen274
) (d:/Tinytex/texmf-dist/tex/latex/amsmath/amsopn.sty
Package: amsopn 2021/08/26 v2.02 operator names
)
\inf@bad=\count313
LaTeX Info: Redefining \frac on input line 234.
\uproot@=\count314
\leftroot@=\count315
LaTeX Info: Redefining \overline on input line 399.
\classnum@=\count316
\DOTSCASE@=\count317
LaTeX Info: Redefining \ldots on input line 496.
LaTeX Info: Redefining \dots on input line 499.
LaTeX Info: Redefining \cdots on input line 620.
\Mathstrutbox@=\box74
\strutbox@=\box75
\big@size=\dimen275
LaTeX Font Info:    Redeclaring font encoding OML on input line 743.
LaTeX Font Info:    Redeclaring font encoding OMS on input line 744.
\macc@depth=\count318
\c@MaxMatrixCols=\count319
\dotsspace@=\muskip17
\c@parentequation=\count320
\dspbrk@lvl=\count321
\tag@help=\toks35
\row@=\count322
\column@=\count323
\maxfields@=\count324
\andhelp@=\toks36
\eqnshift@=\dimen276
\alignsep@=\dimen277
\tagshift@=\dimen278
\tagwidth@=\dimen279
\totwidth@=\dimen280
\lineht@=\dimen281
\@envbody=\toks37
\multlinegap=\skip59
\multlinetaggap=\skip60
\mathdisplay@stack=\toks38
LaTeX Info: Redefining \[ on input line 2938.
LaTeX Info: Redefining \] on input line 2939.
) (d:/Tinytex/texmf-dist/tex/latex/amscls/amsthm.sty
Package: amsthm 2020/05/29 v2.20.6
\thm@style=\toks39
\thm@bodyfont=\toks40
\thm@headfont=\toks41
\thm@notefont=\toks42
\thm@headpunct=\toks43
\thm@preskip=\skip61
\thm@postskip=\skip62
\thm@headsep=\skip63
\dth@everypar=\toks44
)
\c@theorem=\count325
) (d:/Tinytex/texmf-dist/tex/latex/beamer/beamerbasethemes.sty)) (d:/Tinytex/te
xmf-dist/tex/latex/beamer/beamerthemedefault.sty (d:/Tinytex/texmf-dist/tex/lat
ex/beamer/beamerfontthemedefault.sty) (d:/Tinytex/texmf-dist/tex/latex/beamer/b
eamercolorthemedefault.sty) (d:/Tinytex/texmf-dist/tex/latex/beamer/beamerinner
themedefault.sty
\beamer@dima=\dimen282
\beamer@dimb=\dimen283
) (d:/Tinytex/texmf-dist/tex/latex/beamer/beamerouterthemedefault.sty))) (d:/Ti
nytex/texmf-dist/tex/latex/pgf/utilities/pgfpages.sty
Package: pgfpages 2011/01/05 ver 0.02
(d:/Tinytex/texmf-dist/tex/latex/tools/calc.sty
Package: calc 2017/05/25 v4.3 Infix arithmetic (KKT,FJ)
\calc@Acount=\count326
\calc@Bcount=\count327
\calc@Adimen=\dimen284
\calc@Bdimen=\dimen285
\calc@Askip=\skip64
\calc@Bskip=\skip65
LaTeX Info: Redefining \setlength on input line 80.
LaTeX Info: Redefining \addtolength on input line 81.
\calc@Ccount=\count328
\calc@Cskip=\skip66
)
\pgf@logicalpages=\count329
\pgf@firstshipout=\count330
\pgf@lastshipout=\count331
\pgf@currentshipout=\count332
\pgf@cpn=\count333
\pgf@shipoutnextto=\count334
\pgfphysicalheight=\dimen286
\pgfphysicalwidth=\dimen287
\pgfpages@shipoutbox=\box76
) (d:/Tinytex/texmf-dist/tex/latex/lm/lmodern.sty
Package: lmodern 2015/05/01 v1.6.1 Latin Modern Fonts
LaTeX Font Info:    Overwriting symbol font `operators' in version `normal'
(Font)                  OT1/cmr/m/n --> OT1/lmr/m/n on input line 22.
LaTeX Font Info:    Overwriting symbol font `letters' in version `normal'
(Font)                  OML/cmm/m/it --> OML/lmm/m/it on input line 23.
LaTeX Font Info:    Overwriting symbol font `symbols' in version `normal'
(Font)                  OMS/cmsy/m/n --> OMS/lmsy/m/n on input line 24.
LaTeX Font Info:    Overwriting symbol font `largesymbols' in version `normal'
(Font)                  OMX/cmex/m/n --> OMX/lmex/m/n on input line 25.
LaTeX Font Info:    Overwriting symbol font `operators' in version `bold'
(Font)                  OT1/cmr/bx/n --> OT1/lmr/bx/n on input line 26.
LaTeX Font Info:    Overwriting symbol font `letters' in version `bold'
(Font)                  OML/cmm/b/it --> OML/lmm/b/it on input line 27.
LaTeX Font Info:    Overwriting symbol font `symbols' in version `bold'
(Font)                  OMS/cmsy/b/n --> OMS/lmsy/b/n on input line 28.
LaTeX Font Info:    Overwriting symbol font `largesymbols' in version `bold'
(Font)                  OMX/cmex/m/n --> OMX/lmex/m/n on input line 29.
LaTeX Font Info:    Overwriting math alphabet `\mathbf' in version `normal'
(Font)                  OT1/cmr/bx/n --> OT1/lmr/bx/n on input line 31.
LaTeX Font Info:    Overwriting math alphabet `\mathsf' in version `normal'
(Font)                  OT1/cmss/m/n --> OT1/lmss/m/n on input line 32.
LaTeX Font Info:    Overwriting math alphabet `\mathit' in version `normal'
(Font)                  OT1/cmr/m/it --> OT1/lmr/m/it on input line 33.
LaTeX Font Info:    Overwriting math alphabet `\mathtt' in version `normal'
(Font)                  OT1/cmtt/m/n --> OT1/lmtt/m/n on input line 34.
LaTeX Font Info:    Overwriting math alphabet `\mathbf' in version `bold'
(Font)                  OT1/cmr/bx/n --> OT1/lmr/bx/n on input line 35.
LaTeX Font Info:    Overwriting math alphabet `\mathsf' in version `bold'
(Font)                  OT1/cmss/bx/n --> OT1/lmss/bx/n on input line 36.
LaTeX Font Info:    Overwriting math alphabet `\mathit' in version `bold'
(Font)                  OT1/cmr/bx/it --> OT1/lmr/bx/it on input line 37.
LaTeX Font Info:    Overwriting math alphabet `\mathtt' in version `bold'
(Font)                  OT1/cmtt/m/n --> OT1/lmtt/m/n on input line 38.
) (d:/Tinytex/texmf-dist/tex/generic/iftex/ifxetex.sty
Package: ifxetex 2019/10/25 v0.7 ifxetex legacy package. Use iftex instead.
) (d:/Tinytex/texmf-dist/tex/generic/iftex/ifluatex.sty
Package: ifluatex 2019/10/25 v1.5 ifluatex legacy package. Use iftex instead.
) (d:/Tinytex/texmf-dist/tex/latex/base/fixltx2e.sty
Package: fixltx2e 2016/12/29 v2.1a fixes to LaTeX (obsolete)
Applying: [2015/01/01] Old fixltx2e package on input line 46.

Package fixltx2e Warning: fixltx2e is not required with releases after 2015
(fixltx2e)                All fixes are now in the LaTeX kernel.
(fixltx2e)                See the latexrelease package for details.

Already applied: [0000/00/00] Old fixltx2e package on input line 53.
) (d:/Tinytex/texmf-dist/tex/xelatex/mathspec/mathspec.sty
Package: mathspec 2016/12/22 v0.2b LaTeX Package (Mathematics font selection fo
r XeLaTeX)
(d:/Tinytex/texmf-dist/tex/latex/fontspec/fontspec.sty (d:/Tinytex/texmf-dist/t
ex/latex/l3packages/xparse/xparse.sty (d:/Tinytex/texmf-dist/tex/latex/l3kernel
/expl3.sty
Package: expl3 2021-11-22 L3 programming layer (loader) 
(d:/Tinytex/texmf-dist/tex/latex/l3backend/l3backend-xetex.def
File: l3backend-xetex.def 2021-10-18 L3 backend support: XeTeX
(|extractbb --version)
\c__kernel_sys_dvipdfmx_version_int=\count335
\l__color_backend_stack_int=\count336
\g__color_backend_stack_int=\count337
\g__graphics_track_int=\count338
\l__pdf_internal_box=\box77
\g__pdf_backend_object_int=\count339
\g__pdf_backend_annotation_int=\count340
\g__pdf_backend_link_int=\count341
))
Package: xparse 2021-11-12 L3 Experimental document command parser
)
Package: fontspec 2020/02/21 v2.7i Font selection for XeLaTeX and LuaLaTeX
(d:/Tinytex/texmf-dist/tex/latex/fontspec/fontspec-xetex.sty
Package: fontspec-xetex 2020/02/21 v2.7i Font selection for XeLaTeX and LuaLaTe
X
\l__fontspec_script_int=\count342
\l__fontspec_language_int=\count343
\l__fontspec_strnum_int=\count344
\l__fontspec_tmp_int=\count345
\l__fontspec_tmpa_int=\count346
\l__fontspec_tmpb_int=\count347
\l__fontspec_tmpc_int=\count348
\l__fontspec_em_int=\count349
\l__fontspec_emdef_int=\count350
\l__fontspec_strong_int=\count351
\l__fontspec_strongdef_int=\count352
\l__fontspec_tmpa_dim=\dimen288
\l__fontspec_tmpb_dim=\dimen289
\l__fontspec_tmpc_dim=\dimen290
(d:/Tinytex/texmf-dist/tex/latex/base/fontenc.sty
Package: fontenc 2021/04/29 v2.0v Standard LaTeX package
) (d:/Tinytex/texmf-dist/tex/latex/fontspec/fontspec.cfg))) (d:/Tinytex/texmf-d
ist/tex/latex/xkeyval/xkeyval.sty
Package: xkeyval 2020/11/20 v2.8 package option processing (HA)
(d:/Tinytex/texmf-dist/tex/generic/xkeyval/xkeyval.tex (d:/Tinytex/texmf-dist/t
ex/generic/xkeyval/xkvutils.tex
\XKV@toks=\toks45
\XKV@tempa@toks=\toks46
)
\XKV@depth=\count353
File: xkeyval.tex 2014/12/03 v2.7a key=value parser (HA)
))
\c@eu@=\count354
\c@eu@i=\count355
\c@mkern=\count356
)
(d:/Tinytex/texmf-dist/tex/latex/beamertheme-metropolis/beamerthememetropolis.s
ty
Package: beamerthememetropolis 2017/01/23 v1.2 Metropolis Beamer theme
(d:/Tinytex/texmf-dist/tex/latex/pgfopts/pgfopts.sty
Package: pgfopts 2014/07/10 v2.1a LaTeX package options with pgfkeys
(d:/Tinytex/texmf-dist/tex/latex/pgf/utilities/pgfkeys.sty (d:/Tinytex/texmf-di
st/tex/generic/pgf/utilities/pgfkeys.code.tex))
\pgfopts@list@add@a@toks=\toks47
\pgfopts@list@add@b@toks=\toks48
)
(d:/Tinytex/texmf-dist/tex/latex/beamertheme-metropolis/beamerinnerthememetropo
lis.sty
Package: beamerinnerthememetropolis 2017/01/23 Metropolis inner theme
(d:/Tinytex/texmf-dist/tex/latex/pgf/frontendlayer/tikz.sty (d:/Tinytex/texmf-d
ist/tex/latex/pgf/basiclayer/pgf.sty
Package: pgf 2021/05/15 v3.1.9a (3.1.9a)
(d:/Tinytex/texmf-dist/tex/generic/pgf/modules/pgfmoduleshapes.code.tex
File: pgfmoduleshapes.code.tex 2021/05/15 v3.1.9a (3.1.9a)
\pgfnodeparttextbox=\box78
) (d:/Tinytex/texmf-dist/tex/generic/pgf/modules/pgfmoduleplot.code.tex
File: pgfmoduleplot.code.tex 2021/05/15 v3.1.9a (3.1.9a)
) (d:/Tinytex/texmf-dist/tex/latex/pgf/compatibility/pgfcomp-version-0-65.sty
Package: pgfcomp-version-0-65 2021/05/15 v3.1.9a (3.1.9a)
\pgf@nodesepstart=\dimen291
\pgf@nodesepend=\dimen292
) (d:/Tinytex/texmf-dist/tex/latex/pgf/compatibility/pgfcomp-version-1-18.sty
Package: pgfcomp-version-1-18 2021/05/15 v3.1.9a (3.1.9a)
)) (d:/Tinytex/texmf-dist/tex/latex/pgf/utilities/pgffor.sty (d:/Tinytex/texmf-
dist/tex/latex/pgf/math/pgfmath.sty (d:/Tinytex/texmf-dist/tex/generic/pgf/math
/pgfmath.code.tex)) (d:/Tinytex/texmf-dist/tex/generic/pgf/utilities/pgffor.cod
e.tex
Package: pgffor 2021/05/15 v3.1.9a (3.1.9a)
(d:/Tinytex/texmf-dist/tex/generic/pgf/math/pgfmath.code.tex)
\pgffor@iter=\dimen293
\pgffor@skip=\dimen294
\pgffor@stack=\toks49
\pgffor@toks=\toks50
)) (d:/Tinytex/texmf-dist/tex/generic/pgf/frontendlayer/tikz/tikz.code.tex
Package: tikz 2021/05/15 v3.1.9a (3.1.9a)

(d:/Tinytex/texmf-dist/tex/generic/pgf/libraries/pgflibraryplothandlers.code.te
x
File: pgflibraryplothandlers.code.tex 2021/05/15 v3.1.9a (3.1.9a)
\pgf@plot@mark@count=\count357
\pgfplotmarksize=\dimen295
)
\tikz@lastx=\dimen296
\tikz@lasty=\dimen297
\tikz@lastxsaved=\dimen298
\tikz@lastysaved=\dimen299
\tikz@lastmovetox=\dimen300
\tikz@lastmovetoy=\dimen301
\tikzleveldistance=\dimen302
\tikzsiblingdistance=\dimen303
\tikz@figbox=\box79
\tikz@figbox@bg=\box80
\tikz@tempbox=\box81
\tikz@tempbox@bg=\box82
\tikztreelevel=\count358
\tikznumberofchildren=\count359
\tikznumberofcurrentchild=\count360
\tikz@fig@count=\count361
(d:/Tinytex/texmf-dist/tex/generic/pgf/modules/pgfmodulematrix.code.tex
File: pgfmodulematrix.code.tex 2021/05/15 v3.1.9a (3.1.9a)
\pgfmatrixcurrentrow=\count362
\pgfmatrixcurrentcolumn=\count363
\pgf@matrix@numberofcolumns=\count364
)
\tikz@expandcount=\count365

(d:/Tinytex/texmf-dist/tex/generic/pgf/frontendlayer/tikz/libraries/tikzlibrary
topaths.code.tex
File: tikzlibrarytopaths.code.tex 2021/05/15 v3.1.9a (3.1.9a)
)))
\metropolis@titleseparator@linewidth=\skip67
\metropolis@progressonsectionpage=\skip68
\metropolis@progressonsectionpage@linewidth=\skip69
\metropolis@blocksep=\skip70
\metropolis@blockadjust=\skip71
\metropolis@parskip=\skip72
)
(d:/Tinytex/texmf-dist/tex/latex/beamertheme-metropolis/beamerouterthememetropo
lis.sty
Package: beamerouterthememetropolis 2017/01/23 Metropolis outer theme
\metropolis@frametitle@padding=\skip73
\metropolis@progressinheadfoot=\skip74
\metropolis@progressinheadfoot@linewidth=\skip75
)
(d:/Tinytex/texmf-dist/tex/latex/beamertheme-metropolis/beamercolorthememetropo
lis.sty
Package: beamercolorthememetropolis 2017/01/23 Metropolis color theme
)
(d:/Tinytex/texmf-dist/tex/latex/beamertheme-metropolis/beamerfontthememetropol
is.sty
Package: beamerfontthememetropolis 2017/01/23 Metropolis font theme
\c@fontsnotfound=\count366

Package beamerthememetropolis Warning: Could not find Fira Sans fonts on input 
line 95.


Package beamerthememetropolis Warning: Could not find Fira Mono fonts on input 
line 95.

))
Package hyperref Info: Option `colorlinks' set `true' on input line 58.
Package hyperref Info: Option `breaklinks' set `true' on input line 58.
(d:/Tinytex/texmf-dist/tex/latex/fancyvrb/fancyvrb.sty
Package: fancyvrb 2021/11/18 v4.0 verbatim text (tvz,hv)
\FV@CodeLineNo=\count367
\FV@InFile=\read3
\FV@TabBox=\box83
\c@FancyVerbLine=\count368
\FV@StepNumber=\count369
\FV@OutFile=\write5
) (d:/Tinytex/texmf-dist/tex/latex/framed/framed.sty
Package: framed 2011/10/22 v 0.96: framed or shaded text with page breaks
\OuterFrameSep=\skip76
\fb@frw=\dimen304
\fb@frh=\dimen305
\FrameRule=\dimen306
\FrameSep=\dimen307
) (d:/Tinytex/texmf-dist/tex/latex/tools/longtable.sty
Package: longtable 2021-09-01 v4.17 Multi-page Table package (DPC)
\LTleft=\skip77
\LTright=\skip78
\LTpre=\skip79
\LTpost=\skip80
\LTchunksize=\count370
\LTcapwidth=\dimen308
\LT@head=\box84
\LT@firsthead=\box85
\LT@foot=\box86
\LT@lastfoot=\box87
\LT@gbox=\box88
\LT@cols=\count371
\LT@rows=\count372
\c@LT@tables=\count373
\c@LT@chunks=\count374
\LT@p@ftn=\toks51
) (d:/Tinytex/texmf-dist/tex/latex/booktabs/booktabs.sty
Package: booktabs 2020/01/12 v1.61803398 Publication quality tables
\heavyrulewidth=\dimen309
\lightrulewidth=\dimen310
\cmidrulewidth=\dimen311
\belowrulesep=\dimen312
\belowbottomsep=\dimen313
\aboverulesep=\dimen314
\abovetopsep=\dimen315
\cmidrulesep=\dimen316
\cmidrulekern=\dimen317
\defaultaddspace=\dimen318
\@cmidla=\count375
\@cmidlb=\count376
\@aboverulesep=\dimen319
\@belowrulesep=\dimen320
\@thisruleclass=\count377
\@lastruleclass=\count378
\@thisrulewidth=\dimen321
) (d:/Tinytex/texmf-dist/tex/latex/caption/caption.sty
Package: caption 2020/10/26 v3.5g Customizing captions (AR)
(d:/Tinytex/texmf-dist/tex/latex/caption/caption3.sty
Package: caption3 2020/10/21 v2.2e caption3 kernel (AR)
\captionmargin=\dimen322
\captionmargin@=\dimen323
\captionwidth=\dimen324
\caption@tempdima=\dimen325
\caption@indent=\dimen326
\caption@parindent=\dimen327
\caption@hangindent=\dimen328
Package caption Info: beamer document class detected.
(d:/Tinytex/texmf-dist/tex/latex/caption/caption-beamer.sto
File: caption-beamer.sto 2020/08/22 v2.0 Adaption of the caption package to the
 beamer document classes (AR)
))
\c@caption@flags=\count379
\c@continuedfloat=\count380
Package caption Info: hyperref package is loaded.
Package caption Info: Hyperref support is turned off
(caption)             because hyperref has stopped early.
Package caption Info: longtable package is loaded.
(d:/Tinytex/texmf-dist/tex/latex/caption/ltcaption.sty
Package: ltcaption 2020/05/30 v1.4b longtable captions (AR)
)) (d:/Tinytex/texmf-dist/tex/latex/ctex/ctex.sty
Package: ctex 2021/06/20 v2.5.7 Chinese adapter in LaTeX (CTEX)
(d:/Tinytex/texmf-dist/tex/latex/l3packages/l3keys2e/l3keys2e.sty
Package: l3keys2e 2021-11-12 LaTeX2e option processing using LaTeX3 keys
) (d:/Tinytex/texmf-dist/tex/latex/ctex/ctexhook.sty
Package: ctexhook 2021/06/20 v2.5.7 Document and package hooks (CTEX)
) (d:/Tinytex/texmf-dist/tex/latex/ctex/ctexpatch.sty
Package: ctexpatch 2021/06/20 v2.5.7 Patching commands (CTEX)
) (d:/Tinytex/texmf-dist/tex/latex/base/fix-cm.sty
Package: fix-cm 2020/11/24 v1.1t fixes to LaTeX
(d:/Tinytex/texmf-dist/tex/latex/base/ts1enc.def
File: ts1enc.def 2001/06/05 v3.0e (jk/car/fm) Standard LaTeX file
LaTeX Font Info:    Redeclaring font encoding TS1 on input line 47.
))
\l__ctex_tmp_int=\count381
\l__ctex_tmp_box=\box89
\l__ctex_tmp_dim=\dimen329
\g__ctex_section_depth_int=\count382
\g__ctex_font_size_int=\count383
(d:/Tinytex/texmf-dist/tex/latex/ctex/config/ctexopts.cfg
File: ctexopts.cfg 2021/06/20 v2.5.7 Option configuration file (CTEX)
) (d:/Tinytex/texmf-dist/tex/latex/ctex/engine/ctex-engine-xetex.def
File: ctex-engine-xetex.def 2021/06/20 v2.5.7 XeLaTeX adapter (CTEX)
(d:/Tinytex/texmf-dist/tex/xelatex/xecjk/xeCJK.sty
Package: xeCJK 2021/06/20 v3.8.7 Typesetting CJK scripts with XeLaTeX
(d:/Tinytex/texmf-dist/tex/latex/l3packages/xtemplate/xtemplate.sty
Package: xtemplate 2021-11-12 L3 Experimental prototype document functions
\l__xtemplate_tmp_dim=\dimen330
\l__xtemplate_tmp_int=\count384
\l__xtemplate_tmp_muskip=\muskip18
\l__xtemplate_tmp_skip=\skip81
)
\l__xeCJK_tmp_int=\count385
\l__xeCJK_tmp_box=\box90
\l__xeCJK_tmp_dim=\dimen331
\l__xeCJK_tmp_skip=\skip82
\g__xeCJK_space_factor_int=\count386
\l__xeCJK_begin_int=\count387
\l__xeCJK_end_int=\count388
\c__xeCJK_CJK_class_int=\XeTeXcharclass1
\c__xeCJK_FullLeft_class_int=\XeTeXcharclass2
\c__xeCJK_FullRight_class_int=\XeTeXcharclass3
\c__xeCJK_HalfLeft_class_int=\XeTeXcharclass4
\c__xeCJK_HalfRight_class_int=\XeTeXcharclass5
\c__xeCJK_NormalSpace_class_int=\XeTeXcharclass6
\c__xeCJK_CM_class_int=\XeTeXcharclass7
\c__xeCJK_HangulJamo_class_int=\XeTeXcharclass8
\l__xeCJK_last_skip=\skip83
\g__xeCJK_node_int=\count389
\c__xeCJK_CJK_node_dim=\dimen332
\c__xeCJK_CJK-space_node_dim=\dimen333
\c__xeCJK_default_node_dim=\dimen334
\c__xeCJK_default-space_node_dim=\dimen335
\c__xeCJK_CJK-widow_node_dim=\dimen336
\c__xeCJK_normalspace_node_dim=\dimen337
\l__xeCJK_ccglue_skip=\skip84
\l__xeCJK_ecglue_skip=\skip85
\l__xeCJK_punct_kern_skip=\skip86
\l__xeCJK_last_penalty_int=\count390
\l__xeCJK_last_bound_dim=\dimen338
\l__xeCJK_last_kern_dim=\dimen339
\l__xeCJK_widow_penalty_int=\count391

Package xtemplate Info: Declaring object type 'xeCJK/punctuation' taking 0
(xtemplate)             argument(s) on line 2335.

\l__xeCJK_fixed_punct_width_dim=\dimen340
\l__xeCJK_mixed_punct_width_dim=\dimen341
\l__xeCJK_middle_punct_width_dim=\dimen342
\l__xeCJK_fixed_margin_width_dim=\dimen343
\l__xeCJK_mixed_margin_width_dim=\dimen344
\l__xeCJK_middle_margin_width_dim=\dimen345
\l__xeCJK_bound_punct_width_dim=\dimen346
\l__xeCJK_bound_margin_width_dim=\dimen347
\l__xeCJK_margin_minimum_dim=\dimen348
\l__xeCJK_kerning_total_width_dim=\dimen349
\l__xeCJK_same_align_margin_dim=\dimen350
\l__xeCJK_different_align_margin_dim=\dimen351
\l__xeCJK_kerning_margin_width_dim=\dimen352
\l__xeCJK_kerning_margin_minimum_dim=\dimen353
\l__xeCJK_bound_dim=\dimen354
\l__xeCJK_reverse_bound_dim=\dimen355
\l__xeCJK_margin_dim=\dimen356
\l__xeCJK_minimum_bound_dim=\dimen357
\l__xeCJK_kerning_margin_dim=\dimen358
\g__xeCJK_family_int=\count392
\l__xeCJK_fam_int=\count393
\g__xeCJK_fam_allocation_int=\count394
\l__xeCJK_verb_case_int=\count395
\l__xeCJK_verb_exspace_skip=\skip87

LaTeX hooks Warning: Generic hook 'package/after/pifont' is deprecated.
(hooks)              Use hook 'package/pifont/after' instead.


LaTeX hooks Warning: Generic hook 'package/after/unicode-math' is deprecated.
(hooks)              Use hook 'package/unicode-math/after' instead.


LaTeX hooks Warning: Generic hook 'package/after/microtype' is deprecated.
(hooks)              Use hook 'package/microtype/after' instead.


LaTeX hooks Warning: Generic hook 'package/after/cprotect' is deprecated.
(hooks)              Use hook 'package/cprotect/after' instead.


LaTeX hooks Warning: Generic hook 'package/after/listings' is deprecated.
(hooks)              Use hook 'package/listings/after' instead.


LaTeX hooks Warning: Generic hook 'package/after/everysel' is deprecated.
(hooks)              Use hook 'package/everysel/after' instead.


LaTeX hooks Warning: Generic hook 'package/before/CJKnumb' is deprecated.
(hooks)              Use hook 'package/CJKnumb/before' instead.


LaTeX hooks Warning: Generic hook 'package/after/CJKnumb' is deprecated.
(hooks)              Use hook 'package/CJKnumb/after' instead.

(d:/Tinytex/texmf-dist/tex/xelatex/xecjk/xeCJK.cfg
File: xeCJK.cfg 2021/06/20 v3.8.7 Configuration file for xeCJK package
))

LaTeX hooks Warning: Generic hook 'package/after/xeCJKfntef' is deprecated.
(hooks)              Use hook 'package/xeCJKfntef/after' instead.

\ccwd=\dimen359
\l__ctex_ccglue_skip=\skip88
)
\l__ctex_ziju_dim=\dimen360
(d:/Tinytex/texmf-dist/tex/latex/zhnumber/zhnumber.sty
Package: zhnumber 2020/05/01 v2.8 Typesetting numbers with Chinese glyphs
\l__zhnum_scale_int=\count396
(d:/Tinytex/texmf-dist/tex/latex/zhnumber/zhnumber-utf8.cfg
File: zhnumber-utf8.cfg 2020/05/01 v2.8 Chinese numerals with UTF8 encoding
))

LaTeX hooks Warning: Generic hook 'package/after/enumitem' is deprecated.
(hooks)              Use hook 'package/enumitem/after' instead.

(d:/Tinytex/texmf-dist/tex/latex/ctex/scheme/ctex-scheme-chinese.def
File: ctex-scheme-chinese.def 2021/06/20 v2.5.7 Chinese scheme for generic (CTE
X)
(d:/Tinytex/texmf-dist/tex/latex/ctex/config/ctex-name-utf8.cfg
File: ctex-name-utf8.cfg 2021/06/20 v2.5.7 Caption with encoding UTF-8 (CTEX)
)) (d:/Tinytex/texmf-dist/tex/latex/ctex/fontset/ctex-fontset-fandol.def
File: ctex-fontset-fandol.def 2021/06/20 v2.5.7 Fandol fonts definition (CTEX)

Package fontspec Warning: Font "FandolSong-Regular" does not contain requested
(fontspec)                Script "CJK".


Package fontspec Info: FandolSong-Regular scale = 1.03015890977869.


Package fontspec Info: FandolSong-Regular scale = 1.03015890977869.


Package fontspec Info: FandolSong-Bold scale = 0.9999968615044693.


Package fontspec Info: FandolKai-Regular scale = 1.0045241307994.


Package fontspec Info: Font family 'FandolSong-Regular(0)' created for font
(fontspec)             'FandolSong-Regular' with options
(fontspec)             [Ligatures=TeX,Scale=MatchLowercase,Script={CJK},Extensi
on={.otf},BoldFont={FandolSong-Bold},ItalicFont={FandolKai-Regular}].
(fontspec)              
(fontspec)              This font family consists of the following NFSS
(fontspec)             series/shapes:
(fontspec)              
(fontspec)             - 'normal' (m/n) with NFSS spec.:
(fontspec)             <->s*[1.03015890977869]"[FandolSong-Regular.otf]/OT:lang
uage=dflt;mapping=tex-text;"
(fontspec)             - 'small caps'  (m/sc) with NFSS spec.: 
(fontspec)             - 'bold' (b/n) with NFSS spec.:
(fontspec)             <->s*[0.9999968615044693]"[FandolSong-Bold.otf]/OT:langu
age=dflt;mapping=tex-text;"
(fontspec)             - 'bold small caps'  (b/sc) with NFSS spec.: 
(fontspec)             - 'italic' (m/it) with NFSS spec.:
(fontspec)             <->s*[1.0045241307994]"[FandolKai-Regular.otf]/OT:langua
ge=dflt;mapping=tex-text;"
(fontspec)             - 'italic small caps'  (m/scit) with NFSS spec.: 

)) (d:/Tinytex/texmf-dist/tex/latex/ctex/config/ctex.cfg
File: ctex.cfg 2021/06/20 v2.5.7 Configuration file (CTEX)
) (./header.tex (d:/Tinytex/texmf-dist/tex/latex/tools/array.sty
Package: array 2021/10/04 v2.5f Tabular extension package (FMi)
\col@sep=\dimen361
\ar@mcellbox=\box91
\extrarowheight=\dimen362
\NC@list=\toks52
\extratabsurround=\skip89
\backup@length=\skip90
\ar@cellbox=\box92
) (d:/Tinytex/texmf-dist/tex/latex/multirow/multirow.sty
Package: multirow 2021/03/15 v2.8 Span multiple rows of a table
\multirow@colwidth=\skip91
\multirow@cntb=\count397
\multirow@dima=\skip92
\bigstrutjot=\dimen363
) (d:/Tinytex/texmf-dist/tex/latex/wrapfig/wrapfig.sty
\wrapoverhang=\dimen364
\WF@size=\dimen365
\c@WF@wrappedlines=\count398
\WF@box=\box93
\WF@everypar=\toks53
Package: wrapfig 2003/01/31  v 3.6
) (d:/Tinytex/texmf-dist/tex/latex/float/float.sty
Package: float 2001/11/08 v1.3d Float enhancements (AL)
\c@float@type=\count399
\float@exts=\toks54
\float@box=\box94
\@float@everytoks=\toks55
\@floatcapt=\box95
) (d:/Tinytex/texmf-dist/tex/latex/colortbl/colortbl.sty
Package: colortbl 2020/01/04 v1.0e Color table columns (DPC)
\everycr=\toks56
\minrowclearance=\skip93
) (d:/Tinytex/texmf-dist/tex/latex/pdflscape/pdflscape.sty
Package: pdflscape 2019/12/05 v0.12 Display of landscape pages in PDF (HO)
(d:/Tinytex/texmf-dist/tex/latex/graphics/lscape.sty
Package: lscape 2020/05/28 v3.02 Landscape Pages (DPC)
)
Package pdflscape Info: Auto-detected driver: dvipdfm (xetex) on input line 98.

) (d:/Tinytex/texmf-dist/tex/latex/tabu/tabu.sty
Package: tabu 2019/01/11 v2.9 - flexible LaTeX tabulars (FC+tabu-fixed)
(d:/Tinytex/texmf-dist/tex/latex/varwidth/varwidth.sty
Package: varwidth 2009/03/30 ver 0.92;  Variable-width minipages
\@vwid@box=\box96
\sift@deathcycles=\count400
\@vwid@loff=\dimen366
\@vwid@roff=\dimen367
)
\c@taburow=\count401
\tabu@nbcols=\count402
\tabu@cnt=\count403
\tabu@Xcol=\count404
\tabu@alloc=\count405
\tabu@nested=\count406
\tabu@target=\dimen368
\tabu@spreadtarget=\dimen369
\tabu@naturalX=\dimen370
\tabucolX=\dimen371
\tabu@Xsum=\dimen372
\extrarowdepth=\dimen373
\abovetabulinesep=\dimen374
\belowtabulinesep=\dimen375
\tabustrutrule=\dimen376
\tabu@thebody=\toks57
\tabu@footnotes=\toks58
\tabu@box=\box97
\tabu@arstrutbox=\box98
\tabu@hleads=\box99
\tabu@vleads=\box100
\tabu@cellskip=\skip94
) (d:/Tinytex/texmf-dist/tex/latex/threeparttable/threeparttable.sty
Package: threeparttable 2003/06/13  v 3.0
\@tempboxb=\box101
) (d:/Tinytex/texmf-dist/tex/latex/threeparttablex/threeparttablex.sty
Package: threeparttablex 2013/07/23 v0.3 by daleif
(d:/Tinytex/texmf-dist/tex/latex/environ/environ.sty
Package: environ 2014/05/04 v0.3 A new way to define environments
(d:/Tinytex/texmf-dist/tex/latex/trimspaces/trimspaces.sty
Package: trimspaces 2009/09/17 v1.1 Trim spaces around a token list
))
\TPTL@width=\skip95
) (d:/Tinytex/texmf-dist/tex/latex/makecell/makecell.sty
Package: makecell 2009/08/03 V0.1e Managing of Tab Column Heads and Cells
\rotheadsize=\dimen377
\c@nlinenum=\count407
\TeXr@lab=\toks59
) (d:/Tinytex/texmf-dist/tex/latex/xtab/xtab.sty
Package: xtab 2011/07/31 v2.3f Extended supertabular package
\c@tracingst=\count408
\PWSTcapht=\dimen378
\ST@wd=\dimen379
\ST@rightskip=\skip96
\ST@leftskip=\skip97
\ST@parfillskip=\skip98
\c@PWSTtable=\count409
\PWSTlastpage=\count410
\PWSTpenultimate=\count411
\PWSTcurpage=\count412
\PWSTtempc=\count413
\PWSTlines=\count414
\PWST@lastht=\dimen380
\PWST@generalht=\dimen381
\PWST@ht=\dimen382
\ST@pageleft=\dimen383
\ST@headht=\dimen384
\ST@tailht=\dimen385
\ST@pagesofar=\dimen386
\ST@pboxht=\dimen387
\ST@lineht=\dimen388
\ST@stretchht=\dimen389
\ST@prevht=\dimen390
\ST@toadd=\dimen391
\ST@dimen=\dimen392
\ST@pbox=\box102
) (d:/Tinytex/texmf-dist/tex/generic/ulem/ulem.sty
\UL@box=\box103
\UL@hyphenbox=\box104
\UL@skip=\skip99
\UL@hook=\toks60
\UL@height=\dimen393
\UL@pe=\count415
\UL@pixel=\dimen394
\ULC@box=\box105
Package: ulem 2019/11/18
\ULdepth=\dimen395
))

Package fontspec Warning: Font "FandolHei-Regular" does not contain requested
(fontspec)                Script "CJK".


Package fontspec Info: FandolHei-Regular scale = 0.9977516197419062.


Package fontspec Info: FandolHei-Regular scale = 0.9977516197419062.


Package fontspec Info: FandolHei-Bold scale = 0.9406761396682188.


Package fontspec Info: Font family 'FandolHei-Regular(0)' created for font
(fontspec)             'FandolHei-Regular' with options
(fontspec)             [Ligatures=TeX,Scale=MatchLowercase,Script={CJK},Extensi
on={.otf},BoldFont={FandolHei-Bold}].
(fontspec)              
(fontspec)              This font family consists of the following NFSS
(fontspec)             series/shapes:
(fontspec)              
(fontspec)             - 'normal' (m/n) with NFSS spec.:
(fontspec)             <->s*[0.9977516197419062]"[FandolHei-Regular.otf]/OT:lan
guage=dflt;mapping=tex-text;"
(fontspec)             - 'small caps'  (m/sc) with NFSS spec.: 
(fontspec)             - 'bold' (b/n) with NFSS spec.:
(fontspec)             <->s*[0.9406761396682188]"[FandolHei-Bold.otf]/OT:langua
ge=dflt;mapping=tex-text;"
(fontspec)             - 'bold small caps'  (b/sc) with NFSS spec.: 

(./why_Stan.aux)
\openout1 = `why_Stan.aux'.

LaTeX Font Info:    Checking defaults for OML/cmm/m/it on input line 170.
LaTeX Font Info:    ... okay on input line 170.
LaTeX Font Info:    Checking defaults for OMS/cmsy/m/n on input line 170.
LaTeX Font Info:    ... okay on input line 170.
LaTeX Font Info:    Checking defaults for OT1/cmr/m/n on input line 170.
LaTeX Font Info:    ... okay on input line 170.
LaTeX Font Info:    Checking defaults for T1/cmr/m/n on input line 170.
LaTeX Font Info:    ... okay on input line 170.
LaTeX Font Info:    Checking defaults for TS1/cmr/m/n on input line 170.
LaTeX Font Info:    ... okay on input line 170.
LaTeX Font Info:    Checking defaults for TU/lmr/m/n on input line 170.
LaTeX Font Info:    ... okay on input line 170.
LaTeX Font Info:    Checking defaults for OMX/cmex/m/n on input line 170.
LaTeX Font Info:    ... okay on input line 170.
LaTeX Font Info:    Checking defaults for U/cmr/m/n on input line 170.
LaTeX Font Info:    ... okay on input line 170.
LaTeX Font Info:    Checking defaults for PD1/pdf/m/n on input line 170.
LaTeX Font Info:    ... okay on input line 170.
LaTeX Font Info:    Checking defaults for PU/pdf/m/n on input line 170.
LaTeX Font Info:    ... okay on input line 170.
*geometry* driver: auto-detecting
*geometry* detected driver: xetex
*geometry* verbose mode - [ preamble ] result:
* driver: xetex
* paper: custom
* layout: <same size as paper>
* layoutoffset:(h,v)=(0.0pt,0.0pt)
* modes: includehead includefoot 
* h-part:(L,W,R)=(28.45274pt, 307.28987pt, 28.45274pt)
* v-part:(T,H,B)=(0.0pt, 273.14662pt, 0.0pt)
* \paperwidth=364.19536pt
* \paperheight=273.14662pt
* \textwidth=307.28987pt
* \textheight=244.6939pt
* \oddsidemargin=-43.81725pt
* \evensidemargin=-43.81725pt
* \topmargin=-72.26999pt
* \headheight=14.22636pt
* \headsep=0.0pt
* \topskip=11.0pt
* \footskip=14.22636pt
* \marginparwidth=4.0pt
* \marginparsep=10.0pt
* \columnsep=10.0pt
* \skip\footins=10.0pt plus 4.0pt minus 2.0pt
* \hoffset=0.0pt
* \voffset=0.0pt
* \mag=1000
* \@twocolumnfalse
* \@twosidefalse
* \@mparswitchfalse
* \@reversemarginfalse
* (1in=72.27pt=25.4mm, 1cm=28.453pt)

Package hyperref Info: Link coloring ON on input line 170.
(d:/Tinytex/texmf-dist/tex/latex/hyperref/nameref.sty
Package: nameref 2021-04-02 v2.47 Cross-referencing by name of section
(d:/Tinytex/texmf-dist/tex/latex/refcount/refcount.sty
Package: refcount 2019/12/15 v3.6 Data extraction from label references (HO)
) (d:/Tinytex/texmf-dist/tex/generic/gettitlestring/gettitlestring.sty
Package: gettitlestring 2019/12/15 v1.6 Cleanup title references (HO)
)
\c@section@level=\count416
)
LaTeX Info: Redefining \ref on input line 170.
LaTeX Info: Redefining \pageref on input line 170.
LaTeX Info: Redefining \nameref on input line 170.
(./why_Stan.out) (./why_Stan.out)
\@outlinefile=\write6
\openout6 = `why_Stan.out'.

LaTeX Font Info:    Overwriting symbol font `operators' in version `normal'
(Font)                  OT1/lmr/m/n --> OT1/cmss/m/n on input line 170.
LaTeX Font Info:    Overwriting symbol font `operators' in version `bold'
(Font)                  OT1/lmr/bx/n --> OT1/cmss/b/n on input line 170.
LaTeX Font Info:    Overwriting symbol font `operators' in version `normal'
(Font)                  OT1/cmss/m/n --> OT1/lmss/m/n on input line 170.
LaTeX Font Info:    Overwriting symbol font `operators' in version `bold'
(Font)                  OT1/cmss/b/n --> OT1/lmss/b/n on input line 170.
\symnumbers=\mathgroup6
\sympureletters=\mathgroup7
LaTeX Font Info:    Overwriting math alphabet `\mathrm' in version `normal'
(Font)                  OT1/lmss/m/n --> TU/lmr/m/n on input line 170.
LaTeX Font Info:    Redeclaring math alphabet \mathbf on input line 170.
LaTeX Font Info:    Overwriting math alphabet `\mathbf' in version `normal'
(Font)                  OT1/lmr/bx/n --> TU/lmss/b/n on input line 170.
LaTeX Font Info:    Overwriting math alphabet `\mathbf' in version `bold'
(Font)                  OT1/lmr/bx/n --> TU/lmss/b/n on input line 170.
LaTeX Font Info:    Redeclaring math alphabet \mathsf on input line 170.
LaTeX Font Info:    Overwriting math alphabet `\mathsf' in version `normal'
(Font)                  OT1/lmss/m/n --> TU/lmss/m/n on input line 170.
LaTeX Font Info:    Overwriting math alphabet `\mathsf' in version `bold'
(Font)                  OT1/lmss/bx/n --> TU/lmss/m/n on input line 170.
LaTeX Font Info:    Redeclaring math alphabet \mathit on input line 170.
LaTeX Font Info:    Overwriting math alphabet `\mathit' in version `normal'
(Font)                  OT1/lmr/m/it --> TU/lmss/m/it on input line 170.
LaTeX Font Info:    Overwriting math alphabet `\mathit' in version `bold'
(Font)                  OT1/lmr/bx/it --> TU/lmss/m/it on input line 170.
LaTeX Font Info:    Redeclaring math alphabet \mathtt on input line 170.
LaTeX Font Info:    Overwriting math alphabet `\mathtt' in version `normal'
(Font)                  OT1/lmtt/m/n --> TU/lmtt/m/n on input line 170.
LaTeX Font Info:    Overwriting math alphabet `\mathtt' in version `bold'
(Font)                  OT1/lmtt/m/n --> TU/lmtt/m/n on input line 170.
LaTeX Font Info:    Overwriting symbol font `numbers' in version `bold'
(Font)                  TU/lmss/m/n --> TU/lmss/b/n on input line 170.
LaTeX Font Info:    Overwriting symbol font `pureletters' in version `bold'
(Font)                  TU/lmss/m/it --> TU/lmss/b/it on input line 170.
LaTeX Font Info:    Overwriting math alphabet `\mathrm' in version `bold'
(Font)                  OT1/lmss/b/n --> TU/lmr/b/n on input line 170.
LaTeX Font Info:    Overwriting math alphabet `\mathbf' in version `bold'
(Font)                  TU/lmss/b/n --> TU/lmss/b/n on input line 170.
LaTeX Font Info:    Overwriting math alphabet `\mathsf' in version `bold'
(Font)                  TU/lmss/m/n --> TU/lmss/b/n on input line 170.
LaTeX Font Info:    Overwriting math alphabet `\mathit' in version `bold'
(Font)                  TU/lmss/m/it --> TU/lmss/b/it on input line 170.
LaTeX Font Info:    Overwriting math alphabet `\mathtt' in version `bold'
(Font)                  TU/lmtt/m/n --> TU/lmtt/b/n on input line 170.

(d:/Tinytex/texmf-dist/tex/latex/translator/translator-basic-dictionary-English
.dict
Dictionary: translator-basic-dictionary, Language: English 
)
(d:/Tinytex/texmf-dist/tex/latex/translator/translator-bibliography-dictionary-
English.dict
Dictionary: translator-bibliography-dictionary, Language: English 
)
(d:/Tinytex/texmf-dist/tex/latex/translator/translator-environment-dictionary-E
nglish.dict
Dictionary: translator-environment-dictionary, Language: English 
)
(d:/Tinytex/texmf-dist/tex/latex/translator/translator-months-dictionary-Englis
h.dict
Dictionary: translator-months-dictionary, Language: English 
)
(d:/Tinytex/texmf-dist/tex/latex/translator/translator-numbers-dictionary-Engli
sh.dict
Dictionary: translator-numbers-dictionary, Language: English 
)
(d:/Tinytex/texmf-dist/tex/latex/translator/translator-theorem-dictionary-Engli
sh.dict
Dictionary: translator-theorem-dictionary, Language: English 
)
(d:/Tinytex/texmf-dist/tex/latex/ctex/dictionary/translator-theorem-dictionary-
ChineseUTF8.dict
Dictionary: translator-theorem-dictionary, Language: ChineseUTF8 2021/06/20 v2.
5.7 Chinese translation for theorem name (CTEX)
)
Package caption Info: Begin \AtBeginDocument code.
Package caption Info: float package is loaded.
Package caption Info: xtab package is loaded.
Package caption Info: threeparttable package is loaded.
Package caption Info: wrapfig package is loaded.
Package caption Info: End \AtBeginDocument code.
(./why_Stan.nav)
LaTeX Font Info:    Font shape `TU/FandolHei-Regular(0)/b/n' will be
(Font)              scaled to size 13.54568pt on input line 175.
LaTeX Font Info:    Font shape `TU/FandolHei-Regular(0)/m/n' will be
(Font)              scaled to size 9.97757pt on input line 175.

Package fontspec Warning: Font "FandolFang-Regular" does not contain requested
(fontspec)                Script "CJK".


Package fontspec Info: FandolFang-Regular scale = 0.9694292301336638.


Package fontspec Info: FandolFang-Regular scale = 0.9694292301336638.


Package fontspec Info: Font family 'FandolFang-Regular(0)' created for font
(fontspec)             'FandolFang-Regular' with options
(fontspec)             [Ligatures=TeX,Scale=MatchLowercase,Script={CJK},Extensi
on={.otf}].
(fontspec)              
(fontspec)              This font family consists of the following NFSS
(fontspec)             series/shapes:
(fontspec)              
(fontspec)             - 'normal' (m/n) with NFSS spec.:
(fontspec)             <->s*[0.9694292301336638]"[FandolFang-Regular.otf]/OT:la
nguage=dflt;mapping=tex-text;"
(fontspec)             - 'small caps'  (m/sc) with NFSS spec.: 

LaTeX Font Info:    Trying to load font information for OT1+lmss on input line 
175.
(d:/Tinytex/texmf-dist/tex/latex/lm/ot1lmss.fd
File: ot1lmss.fd 2015/05/01 v1.6.1 Font defs for Latin Modern
)
LaTeX Font Info:    Trying to load font information for OML+lmm on input line 1
75.
(d:/Tinytex/texmf-dist/tex/latex/lm/omllmm.fd
File: omllmm.fd 2015/05/01 v1.6.1 Font defs for Latin Modern
)
LaTeX Font Info:    Trying to load font information for OMS+lmsy on input line 
175.
(d:/Tinytex/texmf-dist/tex/latex/lm/omslmsy.fd
File: omslmsy.fd 2015/05/01 v1.6.1 Font defs for Latin Modern
)
LaTeX Font Info:    Trying to load font information for OMX+lmex on input line 
175.
(d:/Tinytex/texmf-dist/tex/latex/lm/omxlmex.fd
File: omxlmex.fd 2015/05/01 v1.6.1 Font defs for Latin Modern
)
LaTeX Font Info:    External font `lmex10' loaded for size
(Font)              <10> on input line 175.
LaTeX Font Info:    External font `lmex10' loaded for size
(Font)              <7> on input line 175.
LaTeX Font Info:    External font `lmex10' loaded for size
(Font)              <5> on input line 175.
LaTeX Font Info:    Trying to load font information for U+msa on input line 175
.
(d:/Tinytex/texmf-dist/tex/latex/amsfonts/umsa.fd
File: umsa.fd 2013/01/14 v3.01 AMS symbols A
)
LaTeX Font Info:    Trying to load font information for U+msb on input line 175
.
(d:/Tinytex/texmf-dist/tex/latex/amsfonts/umsb.fd
File: umsb.fd 2013/01/14 v3.01 AMS symbols B
)
LaTeX Font Info:    Font shape `TU/lmss/m/it' in size <10> not available
(Font)              Font shape `TU/lmss/m/sl' tried instead on input line 175.
LaTeX Font Info:    Font shape `TU/lmss/m/it' in size <7> not available
(Font)              Font shape `TU/lmss/m/sl' tried instead on input line 175.
LaTeX Font Info:    Font shape `TU/lmss/m/it' in size <5> not available
(Font)              Font shape `TU/lmss/m/sl' tried instead on input line 175.
LaTeX Font Info:    Font shape `TU/FandolHei-Regular(0)/m/n' will be
(Font)              scaled to size 7.98206pt on input line 175.

Overfull \vbox (15.63992pt too high) detected at line 175
 []

[1

]
LaTeX Font Info:    Font shape `TU/FandolHei-Regular(0)/m/n' will be
(Font)              scaled to size 10.92543pt on input line 208.
LaTeX Font Info:    External font `lmex10' loaded for size
(Font)              <10.95> on input line 208.
LaTeX Font Info:    External font `lmex10' loaded for size
(Font)              <8> on input line 208.
LaTeX Font Info:    External font `lmex10' loaded for size
(Font)              <6> on input line 208.
LaTeX Font Info:    Font shape `TU/lmss/m/it' in size <10.95> not available
(Font)              Font shape `TU/lmss/m/sl' tried instead on input line 208.
LaTeX Font Info:    Font shape `TU/lmss/m/it' in size <8> not available
(Font)              Font shape `TU/lmss/m/sl' tried instead on input line 208.
LaTeX Font Info:    Font shape `TU/lmss/m/it' in size <6> not available
(Font)              Font shape `TU/lmss/m/sl' tried instead on input line 208.
LaTeX Font Info:    Font shape `TU/FandolHei-Regular(0)/b/n' will be
(Font)              scaled to size 11.28809pt on input line 208.
[2

] [3

]
LaTeX Font Info:    Font shape `TU/lmss/bx/it' in size <10.95> not available
(Font)              Font shape `TU/lmss/bx/sl' tried instead on input line 238.

[4

]
Overfull \vbox (59.14023pt too high) detected at line 289
 []

[5

]
Overfull \vbox (3.51147pt too high) detected at line 310
 []

[6

] [7

]
File: ./images/stan_logo.png Graphic file (type bmp)
<./images/stan_logo.png>
[8

] [9

]
LaTeX Font Info:    Font shape `TU/FandolHei-Regular(0)/b/n' will be
(Font)              scaled to size 10.30037pt on input line 375.
[10

] [11

] [12

] [13

] [14

] [15

]
File: why_Stan_files/figure-beamer/unnamed-chunk-3-1.pdf Graphic file (type pdf
)
<use why_Stan_files/figure-beamer/unnamed-chunk-3-1.pdf>
[16

]
\openout4 = `why_Stan.vrb'.

(./why_Stan.vrb) [17

]
\openout4 = `why_Stan.vrb'.

(./why_Stan.vrb
LaTeX Font Info:    Font shape `TU/lmtt/bx/n' in size <8> not available
(Font)              Font shape `TU/lmtt/b/n' tried instead on input line 9.

LaTeX Font Warning: Font shape `TU/lmtt/bx/it' in size <8> not available
(Font)              Font shape `TU/lmtt/b/sl' tried instead on input line 9.

)
Overfull \vbox (16.32156pt too high) detected at line 501
 []

[18

]
File: why_Stan_files/figure-beamer/unnamed-chunk-6-1.pdf Graphic file (type pdf
)
<use why_Stan_files/figure-beamer/unnamed-chunk-6-1.pdf>
[19

]
\openout4 = `why_Stan.vrb'.

(./why_Stan.vrb
LaTeX Font Info:    Font shape `TU/FandolHei-Regular(0)/m/n' will be
(Font)              scaled to size 11.97308pt on input line 11.
) [20

] [21

] [22

]
File: E:/why_stan/images/LINE.png Graphic file (type bmp)
<E:/why_stan/images/LINE.png>

Overfull \vbox (3.4181pt too high) detected at line 582
 []

[23

] [24

] [25

]
\openout4 = `why_Stan.vrb'.

(./why_Stan.vrb
LaTeX Font Info:    Font shape `TU/FandolFang-Regular(0)/m/n' will be
(Font)              scaled to size 9.69437pt on input line 5.
) [26

]
File: E:/why_stan/images/from_model_to_code.png Graphic file (type bmp)
<E:/why_stan/images/from_model_to_code.png>
[27

]
\openout4 = `why_Stan.vrb'.

(./why_Stan.vrb
LaTeX Font Info:    Font shape `TU/FandolFang-Regular(0)/m/n' will be
(Font)              scaled to size 7.7555pt on input line 5.
) [28

]
File: why_Stan_files/figure-beamer/unnamed-chunk-13-1.pdf Graphic file (type pd
f)
<use why_Stan_files/figure-beamer/unnamed-chunk-13-1.pdf>
[29

]
File: why_Stan_files/figure-beamer/unnamed-chunk-15-1.pdf Graphic file (type pd
f)
<use why_Stan_files/figure-beamer/unnamed-chunk-15-1.pdf>
[30

] [31

]
\openout4 = `why_Stan.vrb'.

(./why_Stan.vrb) [32

]
File: why_Stan_files/figure-beamer/unnamed-chunk-17-1.pdf Graphic file (type pd
f)
<use why_Stan_files/figure-beamer/unnamed-chunk-17-1.pdf>
[33

]
File: why_Stan_files/figure-beamer/unnamed-chunk-19-1.pdf Graphic file (type pd
f)
<use why_Stan_files/figure-beamer/unnamed-chunk-19-1.pdf>
[34

] [35

]
\openout4 = `why_Stan.vrb'.

(./why_Stan.vrb) [36

]
File: why_Stan_files/figure-beamer/unnamed-chunk-21-1.pdf Graphic file (type pd
f)
<use why_Stan_files/figure-beamer/unnamed-chunk-21-1.pdf>
[37

]
File: why_Stan_files/figure-beamer/unnamed-chunk-23-1.pdf Graphic file (type pd
f)
<use why_Stan_files/figure-beamer/unnamed-chunk-23-1.pdf>
[38

] [39

]
\openout4 = `why_Stan.vrb'.

(./why_Stan.vrb) [40

]
File: why_Stan_files/figure-beamer/unnamed-chunk-25-1.pdf Graphic file (type pd
f)
<use why_Stan_files/figure-beamer/unnamed-chunk-25-1.pdf>
[41

]
File: why_Stan_files/figure-beamer/unnamed-chunk-27-1.pdf Graphic file (type pd
f)
<use why_Stan_files/figure-beamer/unnamed-chunk-27-1.pdf>
[42

]
\openout4 = `why_Stan.vrb'.

(./why_Stan.vrb) [43

]
File: why_Stan_files/figure-beamer/unnamed-chunk-30-1.pdf Graphic file (type pd
f)
<use why_Stan_files/figure-beamer/unnamed-chunk-30-1.pdf>
[44

] [45

] [46

] [47

]
\openout4 = `why_Stan.vrb'.

(./why_Stan.vrb) [48

]
\openout4 = `why_Stan.vrb'.

(./why_Stan.vrb) [49

]
File: ./images/stan_logo_wide.png Graphic file (type bmp)
<./images/stan_logo_wide.png>
[50

] [51

]
\tf@nav=\write7
\openout7 = `why_Stan.nav'.

\tf@toc=\write8
\openout8 = `why_Stan.toc'.

\tf@snm=\write9
\openout9 = `why_Stan.snm'.

(./why_Stan.aux)
Package rerunfilecheck Info: File `why_Stan.out' has not changed.
(rerunfilecheck)             Checksum: 2FBFACB884962224856AE6EB8A8324CB;522.
 ) 
Here is how much of TeX's memory you used:
 35389 strings out of 478256
 779157 string characters out of 5856783
 1052797 words of memory out of 5000000
 55086 multiletter control sequences out of 15000+600000
 428900 words of font info for 110 fonts, out of 8000000 for 9000
 14 hyphenation exceptions out of 8191
 101i,13n,138p,1811b,757s stack positions out of 5000i,500n,10000p,200000b,80000s

Output written on why_Stan.pdf (51 pages).
